{
  "RSpec": {
    "coverage": {
      "/Users/wushijie/www/zzfxtxcm/meifang/meifang/app/controllers/application_controller.rb": [
        1,
        null,
        null,
        1,
        null
      ],
      "/Users/wushijie/www/zzfxtxcm/meifang/meifang/app/helpers/application_helper.rb": [
        1,
        null,
        1,
        3,
        3,
        1,
        null,
        2,
        null,
        null,
        null,
        1,
        0,
        0,
        0,
        0,
        null,
        0,
        null,
        null
      ],
      "/Users/wushijie/www/zzfxtxcm/meifang/meifang/app/helpers/categories_helper.rb": [
        1,
        1,
        null,
        0,
        0,
        null,
        null,
        1,
        0,
        0,
        0,
        0,
        null,
        0,
        null,
        null
      ],
      "/Users/wushijie/www/zzfxtxcm/meifang/meifang/app/helpers/static_pages_helper.rb": [
        1,
        null
      ],
      "/Users/wushijie/www/zzfxtxcm/meifang/meifang/app/models/user.rb": [
        1,
        null,
        null,
        1,
        null,
        null,
        null
      ],
      "/Users/wushijie/www/zzfxtxcm/meifang/meifang/app/models/admin_user.rb": [
        1,
        null,
        null,
        1,
        null,
        null
      ],
      "/Users/wushijie/www/zzfxtxcm/meifang/meifang/app/admin/admin_user.rb": [
        1,
        1,
        null,
        1,
        null,
        1,
        0,
        0,
        0,
        0,
        0,
        0,
        0,
        null,
        null,
        1,
        1,
        1,
        1,
        null,
        1,
        0,
        0,
        0,
        0,
        null,
        0,
        null,
        null,
        null
      ],
      "/Users/wushijie/www/zzfxtxcm/meifang/meifang/app/admin/dashboard.rb": [
        1,
        null,
        1,
        null,
        1,
        0,
        0,
        0,
        0,
        null,
        null,
        null,
        null,
        null,
        0,
        null,
        null,
        null,
        null,
        null,
        null,
        null,
        null,
        null,
        null,
        null,
        null,
        0,
        0,
        0,
        null,
        null,
        null,
        0,
        0,
        0,
        0,
        0,
        null,
        null,
        null,
        null,
        null,
        null,
        null
      ],
      "/Users/wushijie/www/zzfxtxcm/meifang/meifang/app/admin/information.rb": [
        1,
        null,
        1,
        null,
        null,
        null,
        null,
        null,
        null,
        null,
        null,
        null,
        null,
        null,
        null,
        null,
        null,
        1,
        null,
        1,
        null,
        1,
        0,
        0,
        null,
        0,
        0,
        0,
        0,
        0,
        0,
        0,
        0,
        null,
        0,
        null,
        null
      ],
      "/Users/wushijie/www/zzfxtxcm/meifang/meifang/app/models/information.rb": [
        1,
        1,
        43,
        1,
        1,
        1,
        1,
        1,
        null
      ],
      "/Users/wushijie/www/zzfxtxcm/meifang/meifang/app/admin/user.rb": [
        1,
        null,
        null,
        null,
        null,
        null,
        null,
        null,
        null,
        null,
        null,
        null,
        null,
        null,
        null,
        null,
        1,
        null,
        1,
        null,
        1,
        0,
        0,
        0,
        0,
        0,
        0,
        null,
        null,
        1,
        1,
        null,
        1,
        0,
        0,
        0,
        0,
        null,
        0,
        null,
        null,
        1,
        0,
        null,
        null,
        1,
        0,
        null,
        null,
        null
      ],
      "/Users/wushijie/www/zzfxtxcm/meifang/meifang/app/models/category.rb": [
        1,
        1,
        1,
        null,
        1,
        null
      ],
      "/Users/wushijie/www/zzfxtxcm/meifang/meifang/app/controllers/static_pages_controller.rb": [
        1,
        1,
        null,
        null,
        1,
        null,
        null
      ]
    },
    "timestamp": 1394526829
  }
}
